-------------------------------------------------------------------------------
Test set: com.community.smartcommunity.SmartCommunityApplicationTests
-------------------------------------------------------------------------------
Tests run: 1, Failures: 0, Errors: 1, Skipped: 0, Time elapsed: 0.34 s <<< FAILURE! - in com.community.smartcommunity.SmartCommunityApplicationTests
initializationError(com.community.smartcommunity.SmartCommunityApplicationTests)  Time elapsed: 0.005 s  <<< ERROR!
java.lang.IllegalStateException: Unable to find a @SpringBootConfiguration, you need to use @ContextConfiguration or @SpringBootTest(classes=...) with your test

