<?xml version="1.0" encoding="UTF-8"?>
<testsuite xmlns:xsi="http://www.w3.org/2001/XMLSchema-instance" xsi:noNamespaceSchemaLocation="https://maven.apache.org/surefire/maven-surefire-plugin/xsd/surefire-test-report.xsd" name="com.community.smartcommunity.SmartCommunityApplicationTests" time="0.34" tests="1" errors="1" skipped="0" failures="0">
  <properties>
[...]
</properties>
  <testcase name="initializationError" classname="com.community.smartcommunity.SmartCommunityApplicationTests" time="0.005">
    <error message="Unable to find a @SpringBootConfiguration, you need to use @ContextConfiguration or @SpringBootTest(classes=...) with your test" type="java.lang.IllegalStateException">java.lang.IllegalStateException: Unable to find a @SpringBootConfiguration, you need to use @ContextConfiguration or @SpringBootTest(classes=...) with your test
</error>
    <system-out><![CDATA[10:41:31.876 [main] DEBUG org.springframework.test.context.junit4.SpringJUnit4ClassRunner - SpringJUnit4ClassRunner constructor called with [class com.community.smartcommunity.SmartCommunityApplicationTests]
10:41:31.881 [main] DEBUG org.springframework.test.context.BootstrapUtils - Instantiating CacheAwareContextLoaderDelegate from class [org.springframework.test.context.cache.DefaultCacheAwareContextLoaderDelegate]
10:41:31.888 [main] DEBUG org.springframework.test.context.BootstrapUtils - Instantiating BootstrapContext using constructor [public org.springframework.test.context.support.DefaultBootstrapContext(java.lang.Class,org.springframework.test.context.CacheAwareContextLoaderDelegate)]
10:41:31.907 [main] DEBUG org.springframework.test.context.BootstrapUtils - Instantiating TestContextBootstrapper for test class [com.community.smartcommunity.SmartCommunityApplicationTests] from class [org.springframework.boot.test.context.SpringBootTestContextBootstrapper]
10:41:31.919 [main] INFO org.springframework.boot.test.context.SpringBootTestContextBootstrapper - Neither @ContextConfiguration nor @ContextHierarchy found for test class [com.community.smartcommunity.SmartCommunityApplicationTests], using SpringBootContextLoader
10:41:31.922 [main] DEBUG org.springframework.test.context.support.AbstractContextLoader - Did not detect default resource location for test class [com.community.smartcommunity.SmartCommunityApplicationTests]: class path resource [com/community/smartcommunity/SmartCommunityApplicationTests-context.xml] does not exist
10:41:31.922 [main] DEBUG org.springframework.test.context.support.AbstractContextLoader - Did not detect default resource location for test class [com.community.smartcommunity.SmartCommunityApplicationTests]: class path resource [com/community/smartcommunity/SmartCommunityApplicationTestsContext.groovy] does not exist
10:41:31.922 [main] INFO org.springframework.test.context.support.AbstractContextLoader - Could not detect default resource locations for test class [com.community.smartcommunity.SmartCommunityApplicationTests]: no resource found for suffixes {-context.xml, Context.groovy}.
10:41:31.923 [main] INFO org.springframework.test.context.support.AnnotationConfigContextLoaderUtils - Could not detect default configuration classes for test class [com.community.smartcommunity.SmartCommunityApplicationTests]: SmartCommunityApplicationTests does not declare any static, non-private, non-final, nested classes annotated with @Configuration.
10:41:31.964 [main] DEBUG org.springframework.test.context.support.ActiveProfilesUtils - Could not find an 'annotation declaring class' for annotation type [org.springframework.test.context.ActiveProfiles] and class [com.community.smartcommunity.SmartCommunityApplicationTests]
10:41:31.973 [main] DEBUG org.springframework.core.env.StandardEnvironment - Adding PropertySource 'systemProperties' with lowest search precedence
10:41:31.974 [main] DEBUG org.springframework.core.env.StandardEnvironment - Adding PropertySource 'systemEnvironment' with lowest search precedence
10:41:31.975 [main] DEBUG org.springframework.core.env.StandardEnvironment - Initialized StandardEnvironment with PropertySources [MapPropertySource@398110318 {name='systemProperties', properties={idea.version=2017.2.5, java.runtime.name=Java(TM) SE Runtime Environment, sun.boot.library.path=/Library/Java/JavaVirtualMachines/jdk1.8.0_151.jdk/Contents/Home/jre/lib, java.vm.version=25.151-b12, gopherProxySet=false, java.vm.vendor=Oracle Corporation, java.vendor.url=http://java.oracle.com/, path.separator=:, java.vm.name=Java HotSpot(TM) 64-Bit Server VM, file.encoding.pkg=sun.io, user.country=CN, sun.java.launcher=SUN_STANDARD, sun.os.patch.level=unknown, java.vm.specification.name=Java Virtual Machine Specification, user.dir=/Users/liumingyu/code/repo/smart-community, java.runtime.version=1.8.0_151-b12, basedir=/Users/liumingyu/code/repo/smart-community, java.awt.graphicsenv=sun.awt.CGraphicsEnvironment, java.endorsed.dirs=/Library/Java/JavaVirtualMachines/jdk1.8.0_151.jdk/Contents/Home/jre/lib/endorsed, os.arch=x86_64, surefire.real.class.path=/Users/liumingyu/code/repo/smart-community/target/surefire/surefirebooter6033332405475778789.jar, java.io.tmpdir=/var/folders/2x/6ssvwq216kd2ym70s8gtv1lh0000gn/T/, line.separator=
, java.vm.specification.vendor=Oracle Corporation, os.name=Mac OS X, sun.jnu.encoding=UTF-8, java.library.path=/Users/liumingyu/Library/Java/Extensions:/Library/Java/Extensions:/Network/Library/Java/Extensions:/System/Library/Java/Extensions:/usr/lib/java:., surefire.test.class.path=/Users/liumingyu/code/repo/smart-community/target/test-classes:/Users/liumingyu/code/repo/smart-community/target/classes:/Users/liumingyu/.m2/org/springframework/boot/spring-boot-starter-data-redis/2.0.1.RELEASE/spring-boot-starter-data-redis-2.0.1.RELEASE.jar:/Users/liumingyu/.m2/org/springframework/boot/spring-boot-starter/2.0.1.RELEASE/spring-boot-starter-2.0.1.RELEASE.jar:/Users/liumingyu/.m2/org/springframework/boot/spring-boot/2.0.1.RELEASE/spring-boot-2.0.1.RELEASE.jar:/Users/liumingyu/.m2/org/springframework/boot/spring-boot-autoconfigure/2.0.1.RELEASE/spring-boot-autoconfigure-2.0.1.RELEASE.jar:/Users/liumingyu/.m2/org/springframework/boot/spring-boot-starter-logging/2.0.1.RELEASE/spring-boot-starter-logging-2.0.1.RELEASE.jar:/Users/liumingyu/.m2/ch/qos/logback/logback-classic/1.2.3/logback-classic-1.2.3.jar:/Users/liumingyu/.m2/ch/qos/logback/logback-core/1.2.3/logback-core-1.2.3.jar:/Users/liumingyu/.m2/org/apache/logging/log4j/log4j-to-slf4j/2.10.0/log4j-to-slf4j-2.10.0.jar:/Users/liumingyu/.m2/org/apache/logging/log4j/log4j-api/2.10.0/log4j-api-2.10.0.jar:/Users/liumingyu/.m2/org/slf4j/jul-to-slf4j/1.7.25/jul-to-slf4j-1.7.25.jar:/Users/liumingyu/.m2/org/yaml/snakeyaml/1.19/snakeyaml-1.19.jar:/Users/liumingyu/.m2/org/springframework/data/spring-data-redis/2.0.6.RELEASE/spring-data-redis-2.0.6.RELEASE.jar:/Users/liumingyu/.m2/org/springframework/data/spring-data-keyvalue/2.0.6.RELEASE/spring-data-keyvalue-2.0.6.RELEASE.jar:/Users/liumingyu/.m2/org/springframework/data/spring-data-commons/2.0.6.RELEASE/spring-data-commons-2.0.6.RELEASE.jar:/Users/liumingyu/.m2/org/springframework/spring-tx/5.0.5.RELEASE/spring-tx-5.0.5.RELEASE.jar:/Users/liumingyu/.m2/org/springframework/spring-oxm/5.0.5.RELEASE/spring-oxm-5.0.5.RELEASE.jar:/Users/liumingyu/.m2/org/springframework/spring-aop/5.0.5.RELEASE/spring-aop-5.0.5.RELEASE.jar:/Users/liumingyu/.m2/org/springframework/spring-context-support/5.0.5.RELEASE/spring-context-support-5.0.5.RELEASE.jar:/Users/liumingyu/.m2/org/slf4j/slf4j-api/1.7.25/slf4j-api-1.7.25.jar:/Users/liumingyu/.m2/io/lettuce/lettuce-core/5.0.3.RELEASE/lettuce-core-5.0.3.RELEASE.jar:/Users/liumingyu/.m2/io/projectreactor/reactor-core/3.1.6.RELEASE/reactor-core-3.1.6.RELEASE.jar:/Users/liumingyu/.m2/org/reactivestreams/reactive-streams/1.0.2/reactive-streams-1.0.2.jar:/Users/liumingyu/.m2/io/netty/netty-common/4.1.23.Final/netty-common-4.1.23.Final.jar:/Users/liumingyu/.m2/io/netty/netty-transport/4.1.23.Final/netty-transport-4.1.23.Final.jar:/Users/liumingyu/.m2/io/netty/netty-buffer/4.1.23.Final/netty-buffer-4.1.23.Final.jar:/Users/liumingyu/.m2/io/netty/netty-resolver/4.1.23.Final/netty-resolver-4.1.23.Final.jar:/Users/liumingyu/.m2/io/netty/netty-handler/4.1.23.Final/netty-handler-4.1.23.Final.jar:/Users/liumingyu/.m2/io/netty/netty-codec/4.1.23.Final/netty-codec-4.1.23.Final.jar:/Users/liumingyu/.m2/org/springframework/boot/spring-boot-starter-web/2.0.1.RELEASE/spring-boot-starter-web-2.0.1.RELEASE.jar:/Users/liumingyu/.m2/org/springframework/boot/spring-boot-starter-json/2.0.1.RELEASE/spring-boot-starter-json-2.0.1.RELEASE.jar:/Users/liumingyu/.m2/com/fasterxml/jackson/core/jackson-databind/2.9.5/jackson-databind-2.9.5.jar:/Users/liumingyu/.m2/com/fasterxml/jackson/core/jackson-annotations/2.9.0/jackson-annotations-2.9.0.jar:/Users/liumingyu/.m2/com/fasterxml/jackson/core/jackson-core/2.9.5/jackson-core-2.9.5.jar:/Users/liumingyu/.m2/com/fasterxml/jackson/datatype/jackson-datatype-jdk8/2.9.5/jackson-datatype-jdk8-2.9.5.jar:/Users/liumingyu/.m2/com/fasterxml/jackson/datatype/jackson-datatype-jsr310/2.9.5/jackson-datatype-jsr310-2.9.5.jar:/Users/liumingyu/.m2/com/fasterxml/jackson/module/jackson-module-parameter-names/2.9.5/jackson-module-parameter-names-2.9.5.jar:/Users/liumingyu/.m2/org/hibernate/validator/hibernate-validator/6.0.9.Final/hibernate-validator-6.0.9.Final.jar:/Users/liumingyu/.m2/javax/validation/validation-api/2.0.1.Final/validation-api-2.0.1.Final.jar:/Users/liumingyu/.m2/org/jboss/logging/jboss-logging/3.3.2.Final/jboss-logging-3.3.2.Final.jar:/Users/liumingyu/.m2/com/fasterxml/classmate/1.3.4/classmate-1.3.4.jar:/Users/liumingyu/.m2/org/springframework/spring-web/5.0.5.RELEASE/spring-web-5.0.5.RELEASE.jar:/Users/liumingyu/.m2/org/springframework/spring-beans/5.0.5.RELEASE/spring-beans-5.0.5.RELEASE.jar:/Users/liumingyu/.m2/org/springframework/spring-webmvc/5.0.5.RELEASE/spring-webmvc-5.0.5.RELEASE.jar:/Users/liumingyu/.m2/org/springframework/spring-context/5.0.5.RELEASE/spring-context-5.0.5.RELEASE.jar:/Users/liumingyu/.m2/org/springframework/spring-expression/5.0.5.RELEASE/spring-expression-5.0.5.RELEASE.jar:/Users/liumingyu/.m2/org/mybatis/spring/boot/mybatis-spring-boot-starter/1.3.2/mybatis-spring-boot-starter-1.3.2.jar:/Users/liumingyu/.m2/org/springframework/boot/spring-boot-starter-jdbc/2.0.1.RELEASE/spring-boot-starter-jdbc-2.0.1.RELEASE.jar:/Users/liumingyu/.m2/com/zaxxer/HikariCP/2.7.8/HikariCP-2.7.8.jar:/Users/liumingyu/.m2/org/springframework/spring-jdbc/5.0.5.RELEASE/spring-jdbc-5.0.5.RELEASE.jar:/Users/liumingyu/.m2/org/mybatis/spring/boot/mybatis-spring-boot-autoconfigure/1.3.2/mybatis-spring-boot-autoconfigure-1.3.2.jar:/Users/liumingyu/.m2/org/mybatis/mybatis/3.4.6/mybatis-3.4.6.jar:/Users/liumingyu/.m2/org/mybatis/mybatis-spring/1.3.2/mybatis-spring-1.3.2.jar:/Users/liumingyu/.m2/mysql/mysql-connector-java/5.1.46/mysql-connector-java-5.1.46.jar:/Users/liumingyu/.m2/org/projectlombok/lombok/1.16.20/lombok-1.16.20.jar:/Users/liumingyu/.m2/org/springframework/boot/spring-boot-starter-tomcat/2.0.1.RELEASE/spring-boot-starter-tomcat-2.0.1.RELEASE.jar:/Users/liumingyu/.m2/javax/annotation/javax.annotation-api/1.3.2/javax.annotation-api-1.3.2.jar:/Users/liumingyu/.m2/org/apache/tomcat/embed/tomcat-embed-core/8.5.29/tomcat-embed-core-8.5.29.jar:/Users/liumingyu/.m2/org/apache/tomcat/embed/tomcat-embed-el/8.5.29/tomcat-embed-el-8.5.29.jar:/Users/liumingyu/.m2/org/apache/tomcat/embed/tomcat-embed-websocket/8.5.29/tomcat-embed-websocket-8.5.29.jar:/Users/liumingyu/.m2/org/springframework/boot/spring-boot-starter-test/2.0.1.RELEASE/spring-boot-starter-test-2.0.1.RELEASE.jar:/Users/liumingyu/.m2/org/springframework/boot/spring-boot-test/2.0.1.RELEASE/spring-boot-test-2.0.1.RELEASE.jar:/Users/liumingyu/.m2/org/springframework/boot/spring-boot-test-autoconfigure/2.0.1.RELEASE/spring-boot-test-autoconfigure-2.0.1.RELEASE.jar:/Users/liumingyu/.m2/com/jayway/jsonpath/json-path/2.4.0/json-path-2.4.0.jar:/Users/liumingyu/.m2/net/minidev/json-smart/2.3/json-smart-2.3.jar:/Users/liumingyu/.m2/net/minidev/accessors-smart/1.2/accessors-smart-1.2.jar:/Users/liumingyu/.m2/org/ow2/asm/asm/5.0.4/asm-5.0.4.jar:/Users/liumingyu/.m2/junit/junit/4.12/junit-4.12.jar:/Users/liumingyu/.m2/org/assertj/assertj-core/3.9.1/assertj-core-3.9.1.jar:/Users/liumingyu/.m2/org/mockito/mockito-core/2.15.0/mockito-core-2.15.0.jar:/Users/liumingyu/.m2/net/bytebuddy/byte-buddy/1.7.11/byte-buddy-1.7.11.jar:/Users/liumingyu/.m2/net/bytebuddy/byte-buddy-agent/1.7.11/byte-buddy-agent-1.7.11.jar:/Users/liumingyu/.m2/org/objenesis/objenesis/2.6/objenesis-2.6.jar:/Users/liumingyu/.m2/org/hamcrest/hamcrest-core/1.3/hamcrest-core-1.3.jar:/Users/liumingyu/.m2/org/hamcrest/hamcrest-library/1.3/hamcrest-library-1.3.jar:/Users/liumingyu/.m2/org/skyscreamer/jsonassert/1.5.0/jsonassert-1.5.0.jar:/Users/liumingyu/.m2/com/vaadin/external/google/android-json/0.0.20131108.vaadin1/android-json-0.0.20131108.vaadin1.jar:/Users/liumingyu/.m2/org/springframework/spring-core/5.0.5.RELEASE/spring-core-5.0.5.RELEASE.jar:/Users/liumingyu/.m2/org/springframework/spring-jcl/5.0.5.RELEASE/spring-jcl-5.0.5.RELEASE.jar:/Users/liumingyu/.m2/org/springframework/spring-test/5.0.5.RELEASE/spring-test-5.0.5.RELEASE.jar:/Users/liumingyu/.m2/org/xmlunit/xmlunit-core/2.5.1/xmlunit-core-2.5.1.jar:, java.specification.name=Java Platform API Specification, java.class.version=52.0, sun.management.compiler=HotSpot 64-Bit Tiered Compilers, maven.repo.local=/Users/liumingyu/.m2, os.version=10.12.6, http.nonProxyHosts=local|*.local|169.254/16|*.169.254/16, user.home=/Users/liumingyu, user.timezone=Asia/Shanghai, java.awt.printerjob=sun.lwawt.macosx.CPrinterJob, file.encoding=US-ASCII, java.specification.version=1.8, java.class.path=/Users/liumingyu/code/repo/smart-community/target/test-classes:/Users/liumingyu/code/repo/smart-community/target/classes:/Users/liumingyu/.m2/org/springframework/boot/spring-boot-starter-data-redis/2.0.1.RELEASE/spring-boot-starter-data-redis-2.0.1.RELEASE.jar:/Users/liumingyu/.m2/org/springframework/boot/spring-boot-starter/2.0.1.RELEASE/spring-boot-starter-2.0.1.RELEASE.jar:/Users/liumingyu/.m2/org/springframework/boot/spring-boot/2.0.1.RELEASE/spring-boot-2.0.1.RELEASE.jar:/Users/liumingyu/.m2/org/springframework/boot/spring-boot-autoconfigure/2.0.1.RELEASE/spring-boot-autoconfigure-2.0.1.RELEASE.jar:/Users/liumingyu/.m2/org/springframework/boot/spring-boot-starter-logging/2.0.1.RELEASE/spring-boot-starter-logging-2.0.1.RELEASE.jar:/Users/liumingyu/.m2/ch/qos/logback/logback-classic/1.2.3/logback-classic-1.2.3.jar:/Users/liumingyu/.m2/ch/qos/logback/logback-core/1.2.3/logback-core-1.2.3.jar:/Users/liumingyu/.m2/org/apache/logging/log4j/log4j-to-slf4j/2.10.0/log4j-to-slf4j-2.10.0.jar:/Users/liumingyu/.m2/org/apache/logging/log4j/log4j-api/2.10.0/log4j-api-2.10.0.jar:/Users/liumingyu/.m2/org/slf4j/jul-to-slf4j/1.7.25/jul-to-slf4j-1.7.25.jar:/Users/liumingyu/.m2/org/yaml/snakeyaml/1.19/snakeyaml-1.19.jar:/Users/liumingyu/.m2/org/springframework/data/spring-data-redis/2.0.6.RELEASE/spring-data-redis-2.0.6.RELEASE.jar:/Users/liumingyu/.m2/org/springframework/data/spring-data-keyvalue/2.0.6.RELEASE/spring-data-keyvalue-2.0.6.RELEASE.jar:/Users/liumingyu/.m2/org/springframework/data/spring-data-commons/2.0.6.RELEASE/spring-data-commons-2.0.6.RELEASE.jar:/Users/liumingyu/.m2/org/springframework/spring-tx/5.0.5.RELEASE/spring-tx-5.0.5.RELEASE.jar:/Users/liumingyu/.m2/org/springframework/spring-oxm/5.0.5.RELEASE/spring-oxm-5.0.5.RELEASE.jar:/Users/liumingyu/.m2/org/springframework/spring-aop/5.0.5.RELEASE/spring-aop-5.0.5.RELEASE.jar:/Users/liumingyu/.m2/org/springframework/spring-context-support/5.0.5.RELEASE/spring-context-support-5.0.5.RELEASE.jar:/Users/liumingyu/.m2/org/slf4j/slf4j-api/1.7.25/slf4j-api-1.7.25.jar:/Users/liumingyu/.m2/io/lettuce/lettuce-core/5.0.3.RELEASE/lettuce-core-5.0.3.RELEASE.jar:/Users/liumingyu/.m2/io/projectreactor/reactor-core/3.1.6.RELEASE/reactor-core-3.1.6.RELEASE.jar:/Users/liumingyu/.m2/org/reactivestreams/reactive-streams/1.0.2/reactive-streams-1.0.2.jar:/Users/liumingyu/.m2/io/netty/netty-common/4.1.23.Final/netty-common-4.1.23.Final.jar:/Users/liumingyu/.m2/io/netty/netty-transport/4.1.23.Final/netty-transport-4.1.23.Final.jar:/Users/liumingyu/.m2/io/netty/netty-buffer/4.1.23.Final/netty-buffer-4.1.23.Final.jar:/Users/liumingyu/.m2/io/netty/netty-resolver/4.1.23.Final/netty-resolver-4.1.23.Final.jar:/Users/liumingyu/.m2/io/netty/netty-handler/4.1.23.Final/netty-handler-4.1.23.Final.jar:/Users/liumingyu/.m2/io/netty/netty-codec/4.1.23.Final/netty-codec-4.1.23.Final.jar:/Users/liumingyu/.m2/org/springframework/boot/spring-boot-starter-web/2.0.1.RELEASE/spring-boot-starter-web-2.0.1.RELEASE.jar:/Users/liumingyu/.m2/org/springframework/boot/spring-boot-starter-json/2.0.1.RELEASE/spring-boot-starter-json-2.0.1.RELEASE.jar:/Users/liumingyu/.m2/com/fasterxml/jackson/core/jackson-databind/2.9.5/jackson-databind-2.9.5.jar:/Users/liumingyu/.m2/com/fasterxml/jackson/core/jackson-annotations/2.9.0/jackson-annotations-2.9.0.jar:/Users/liumingyu/.m2/com/fasterxml/jackson/core/jackson-core/2.9.5/jackson-core-2.9.5.jar:/Users/liumingyu/.m2/com/fasterxml/jackson/datatype/jackson-datatype-jdk8/2.9.5/jackson-datatype-jdk8-2.9.5.jar:/Users/liumingyu/.m2/com/fasterxml/jackson/datatype/jackson-datatype-jsr310/2.9.5/jackson-datatype-jsr310-2.9.5.jar:/Users/liumingyu/.m2/com/fasterxml/jackson/module/jackson-module-parameter-names/2.9.5/jackson-module-parameter-names-2.9.5.jar:/Users/liumingyu/.m2/org/hibernate/validator/hibernate-validator/6.0.9.Final/hibernate-validator-6.0.9.Final.jar:/Users/liumingyu/.m2/javax/validation/validation-api/2.0.1.Final/validation-api-2.0.1.Final.jar:/Users/liumingyu/.m2/org/jboss/logging/jboss-logging/3.3.2.Final/jboss-logging-3.3.2.Final.jar:/Users/liumingyu/.m2/com/fasterxml/classmate/1.3.4/classmate-1.3.4.jar:/Users/liumingyu/.m2/org/springframework/spring-web/5.0.5.RELEASE/spring-web-5.0.5.RELEASE.jar:/Users/liumingyu/.m2/org/springframework/spring-beans/5.0.5.RELEASE/spring-beans-5.0.5.RELEASE.jar:/Users/liumingyu/.m2/org/springframework/spring-webmvc/5.0.5.RELEASE/spring-webmvc-5.0.5.RELEASE.jar:/Users/liumingyu/.m2/org/springframework/spring-context/5.0.5.RELEASE/spring-context-5.0.5.RELEASE.jar:/Users/liumingyu/.m2/org/springframework/spring-expression/5.0.5.RELEASE/spring-expression-5.0.5.RELEASE.jar:/Users/liumingyu/.m2/org/mybatis/spring/boot/mybatis-spring-boot-starter/1.3.2/mybatis-spring-boot-starter-1.3.2.jar:/Users/liumingyu/.m2/org/springframework/boot/spring-boot-starter-jdbc/2.0.1.RELEASE/spring-boot-starter-jdbc-2.0.1.RELEASE.jar:/Users/liumingyu/.m2/com/zaxxer/HikariCP/2.7.8/HikariCP-2.7.8.jar:/Users/liumingyu/.m2/org/springframework/spring-jdbc/5.0.5.RELEASE/spring-jdbc-5.0.5.RELEASE.jar:/Users/liumingyu/.m2/org/mybatis/spring/boot/mybatis-spring-boot-autoconfigure/1.3.2/mybatis-spring-boot-autoconfigure-1.3.2.jar:/Users/liumingyu/.m2/org/mybatis/mybatis/3.4.6/mybatis-3.4.6.jar:/Users/liumingyu/.m2/org/mybatis/mybatis-spring/1.3.2/mybatis-spring-1.3.2.jar:/Users/liumingyu/.m2/mysql/mysql-connector-java/5.1.46/mysql-connector-java-5.1.46.jar:/Users/liumingyu/.m2/org/projectlombok/lombok/1.16.20/lombok-1.16.20.jar:/Users/liumingyu/.m2/org/springframework/boot/spring-boot-starter-tomcat/2.0.1.RELEASE/spring-boot-starter-tomcat-2.0.1.RELEASE.jar:/Users/liumingyu/.m2/javax/annotation/javax.annotation-api/1.3.2/javax.annotation-api-1.3.2.jar:/Users/liumingyu/.m2/org/apache/tomcat/embed/tomcat-embed-core/8.5.29/tomcat-embed-core-8.5.29.jar:/Users/liumingyu/.m2/org/apache/tomcat/embed/tomcat-embed-el/8.5.29/tomcat-embed-el-8.5.29.jar:/Users/liumingyu/.m2/org/apache/tomcat/embed/tomcat-embed-websocket/8.5.29/tomcat-embed-websocket-8.5.29.jar:/Users/liumingyu/.m2/org/springframework/boot/spring-boot-starter-test/2.0.1.RELEASE/spring-boot-starter-test-2.0.1.RELEASE.jar:/Users/liumingyu/.m2/org/springframework/boot/spring-boot-test/2.0.1.RELEASE/spring-boot-test-2.0.1.RELEASE.jar:/Users/liumingyu/.m2/org/springframework/boot/spring-boot-test-autoconfigure/2.0.1.RELEASE/spring-boot-test-autoconfigure-2.0.1.RELEASE.jar:/Users/liumingyu/.m2/com/jayway/jsonpath/json-path/2.4.0/json-path-2.4.0.jar:/Users/liumingyu/.m2/net/minidev/json-smart/2.3/json-smart-2.3.jar:/Users/liumingyu/.m2/net/minidev/accessors-smart/1.2/accessors-smart-1.2.jar:/Users/liumingyu/.m2/org/ow2/asm/asm/5.0.4/asm-5.0.4.jar:/Users/liumingyu/.m2/junit/junit/4.12/junit-4.12.jar:/Users/liumingyu/.m2/org/assertj/assertj-core/3.9.1/assertj-core-3.9.1.jar:/Users/liumingyu/.m2/org/mockito/mockito-core/2.15.0/mockito-core-2.15.0.jar:/Users/liumingyu/.m2/net/bytebuddy/byte-buddy/1.7.11/byte-buddy-1.7.11.jar:/Users/liumingyu/.m2/net/bytebuddy/byte-buddy-agent/1.7.11/byte-buddy-agent-1.7.11.jar:/Users/liumingyu/.m2/org/objenesis/objenesis/2.6/objenesis-2.6.jar:/Users/liumingyu/.m2/org/hamcrest/hamcrest-core/1.3/hamcrest-core-1.3.jar:/Users/liumingyu/.m2/org/hamcrest/hamcrest-library/1.3/hamcrest-library-1.3.jar:/Users/liumingyu/.m2/org/skyscreamer/jsonassert/1.5.0/jsonassert-1.5.0.jar:/Users/liumingyu/.m2/com/vaadin/external/google/android-json/0.0.20131108.vaadin1/android-json-0.0.20131108.vaadin1.jar:/Users/liumingyu/.m2/org/springframework/spring-core/5.0.5.RELEASE/spring-core-5.0.5.RELEASE.jar:/Users/liumingyu/.m2/org/springframework/spring-jcl/5.0.5.RELEASE/spring-jcl-5.0.5.RELEASE.jar:/Users/liumingyu/.m2/org/springframework/spring-test/5.0.5.RELEASE/spring-test-5.0.5.RELEASE.jar:/Users/liumingyu/.m2/org/xmlunit/xmlunit-core/2.5.1/xmlunit-core-2.5.1.jar:, user.name=liumingyu, java.vm.specification.version=1.8, sun.java.command=/Users/liumingyu/code/repo/smart-community/target/surefire/surefirebooter6033332405475778789.jar /Users/liumingyu/code/repo/smart-community/target/surefire 2018-05-08T10-41-25_028-jvmRun1 surefire7918706754571279230tmp surefire_01570268894162586720tmp, java.home=/Library/Java/JavaVirtualMachines/jdk1.8.0_151.jdk/Contents/Home/jre, sun.arch.data.model=64, user.language=zh, java.specification.vendor=Oracle Corporation, awt.toolkit=sun.lwawt.macosx.LWCToolkit, java.vm.info=mixed mode, java.version=1.8.0_151, java.ext.dirs=/Users/liumingyu/Library/Java/Extensions:/Library/Java/JavaVirtualMachines/jdk1.8.0_151.jdk/Contents/Home/jre/lib/ext:/Library/Java/Extensions:/Network/Library/Java/Extensions:/System/Library/Java/Extensions:/usr/lib/java, sun.boot.class.path=/Library/Java/JavaVirtualMachines/jdk1.8.0_151.jdk/Contents/Home/jre/lib/resources.jar:/Library/Java/JavaVirtualMachines/jdk1.8.0_151.jdk/Contents/Home/jre/lib/rt.jar:/Library/Java/JavaVirtualMachines/jdk1.8.0_151.jdk/Contents/Home/jre/lib/sunrsasign.jar:/Library/Java/JavaVirtualMachines/jdk1.8.0_151.jdk/Contents/Home/jre/lib/jsse.jar:/Library/Java/JavaVirtualMachines/jdk1.8.0_151.jdk/Contents/Home/jre/lib/jce.jar:/Library/Java/JavaVirtualMachines/jdk1.8.0_151.jdk/Contents/Home/jre/lib/charsets.jar:/Library/Java/JavaVirtualMachines/jdk1.8.0_151.jdk/Contents/Home/jre/lib/jfr.jar:/Library/Java/JavaVirtualMachines/jdk1.8.0_151.jdk/Contents/Home/jre/classes, java.vendor=Oracle Corporation, localRepository=/Users/liumingyu/.m2, file.separator=/, java.vendor.url.bug=http://bugreport.sun.com/bugreport/, sun.io.unicode.encoding=UnicodeBig, sun.cpu.endian=little, socksNonProxyHosts=local|*.local|169.254/16|*.169.254/16, ftp.nonProxyHosts=local|*.local|169.254/16|*.169.254/16, sun.cpu.isalist=}}, SystemEnvironmentPropertySource@1765250898 {name='systemEnvironment', properties={PATH=/usr/local/bin:/usr/bin:/bin:/usr/sbin:/sbin:/usr/local/apache-maven-3.3.9/bin, JAVA_MAIN_CLASS_1482=org.codehaus.classworlds.Launcher, MAVEN_HOME=/usr/local/apache-maven-3.3.9, VERSIONER_PYTHON_VERSION=2.7, LOGNAME=liumingyu, XPC_SERVICE_NAME=0, PWD=/Users/liumingyu/code/repo/smart-community, JAVA_MAIN_CLASS_1489=org.apache.maven.surefire.booter.ForkedBooter, _=/Library/Java/JavaVirtualMachines/jdk1.8.0_151.jdk/Contents/Home/jre/bin/java, SHELL=/bin/zsh, PAGER=less, LSCOLORS=Gxfxcxdxbxegedabagacad, OLDPWD=/Users/liumingyu/code/repo/smart-community, VERSIONER_PYTHON_PREFER_32_BIT=no, USER=liumingyu, ZSH=/Users/liumingyu/.dotfiles/zsh, TMPDIR=/var/folders/2x/6ssvwq216kd2ym70s8gtv1lh0000gn/T/, SSH_AUTH_SOCK=/private/tmp/com.apple.launchd.BqdT8lWnep/Listeners, XPC_FLAGS=0x0, __CF_USER_TEXT_ENCODING=0x1F5:0x19:0x34, Apple_PubSub_Socket_Render=/private/tmp/com.apple.launchd.QPwsGpYBir/Render, LESS=-R, LC_CTYPE=, HOME=/Users/liumingyu, SHLVL=1}}]
10:41:31.989 [main] DEBUG org.springframework.core.io.support.PathMatchingResourcePatternResolver - Resolved classpath location [com/community/smartcommunity/] to resources [URL [file:/Users/liumingyu/code/repo/smart-community/target/test-classes/com/community/smartcommunity/]]
10:41:31.990 [main] DEBUG org.springframework.core.io.support.PathMatchingResourcePatternResolver - Looking for matching resources in directory tree [/Users/liumingyu/code/repo/smart-community/target/test-classes/com/community/smartcommunity]
10:41:31.990 [main] DEBUG org.springframework.core.io.support.PathMatchingResourcePatternResolver - Searching directory [/Users/liumingyu/code/repo/smart-community/target/test-classes/com/community/smartcommunity] for files matching pattern [/Users/liumingyu/code/repo/smart-community/target/test-classes/com/community/smartcommunity/*.class]
10:41:31.993 [main] DEBUG org.springframework.core.io.support.PathMatchingResourcePatternResolver - Resolved location pattern [classpath*:com/community/smartcommunity/*.class] to resources [file [/Users/liumingyu/code/repo/smart-community/target/test-classes/com/community/smartcommunity/SmartCommunityApplicationTests.class]]
10:41:32.027 [main] DEBUG org.springframework.core.io.support.PathMatchingResourcePatternResolver - Resolved classpath location [com/community/] to resources [URL [file:/Users/liumingyu/code/repo/smart-community/target/test-classes/com/community/]]
10:41:32.027 [main] DEBUG org.springframework.core.io.support.PathMatchingResourcePatternResolver - Looking for matching resources in directory tree [/Users/liumingyu/code/repo/smart-community/target/test-classes/com/community]
10:41:32.027 [main] DEBUG org.springframework.core.io.support.PathMatchingResourcePatternResolver - Searching directory [/Users/liumingyu/code/repo/smart-community/target/test-classes/com/community] for files matching pattern [/Users/liumingyu/code/repo/smart-community/target/test-classes/com/community/*.class]
10:41:32.027 [main] DEBUG org.springframework.core.io.support.PathMatchingResourcePatternResolver - Resolved location pattern [classpath*:com/community/*.class] to resources []
10:41:32.029 [main] DEBUG org.springframework.core.io.support.PathMatchingResourcePatternResolver - Resolved classpath location [com/] to resources [URL [jar:file:/System/Library/Java/Extensions/MRJToolkit.jar!/com/], URL [file:/Users/liumingyu/code/repo/smart-community/target/test-classes/com/], URL [file:/Users/liumingyu/code/repo/smart-community/target/classes/com/], URL [jar:file:/Users/liumingyu/.m2/com/fasterxml/jackson/core/jackson-databind/2.9.5/jackson-databind-2.9.5.jar!/com/], URL [jar:file:/Users/liumingyu/.m2/com/fasterxml/jackson/core/jackson-annotations/2.9.0/jackson-annotations-2.9.0.jar!/com/], URL [jar:file:/Users/liumingyu/.m2/com/fasterxml/jackson/core/jackson-core/2.9.5/jackson-core-2.9.5.jar!/com/], URL [jar:file:/Users/liumingyu/.m2/com/fasterxml/jackson/datatype/jackson-datatype-jdk8/2.9.5/jackson-datatype-jdk8-2.9.5.jar!/com/], URL [jar:file:/Users/liumingyu/.m2/com/fasterxml/jackson/datatype/jackson-datatype-jsr310/2.9.5/jackson-datatype-jsr310-2.9.5.jar!/com/], URL [jar:file:/Users/liumingyu/.m2/com/fasterxml/jackson/module/jackson-module-parameter-names/2.9.5/jackson-module-parameter-names-2.9.5.jar!/com/], URL [jar:file:/Users/liumingyu/.m2/com/fasterxml/classmate/1.3.4/classmate-1.3.4.jar!/com/], URL [jar:file:/Users/liumingyu/.m2/com/zaxxer/HikariCP/2.7.8/HikariCP-2.7.8.jar!/com/], URL [jar:file:/Users/liumingyu/.m2/mysql/mysql-connector-java/5.1.46/mysql-connector-java-5.1.46.jar!/com/], URL [jar:file:/Users/liumingyu/.m2/org/projectlombok/lombok/1.16.20/lombok-1.16.20.jar!/com/], URL [jar:file:/Users/liumingyu/.m2/com/jayway/jsonpath/json-path/2.4.0/json-path-2.4.0.jar!/com/]]
10:41:32.029 [main] DEBUG org.springframework.core.io.support.PathMatchingResourcePatternResolver - Looking for matching resources in jar file [file:/System/Library/Java/Extensions/MRJToolkit.jar]
10:41:32.030 [main] DEBUG org.springframework.core.io.support.PathMatchingResourcePatternResolver - Looking for matching resources in directory tree [/Users/liumingyu/code/repo/smart-community/target/test-classes/com]
10:41:32.030 [main] DEBUG org.springframework.core.io.support.PathMatchingResourcePatternResolver - Searching directory [/Users/liumingyu/code/repo/smart-community/target/test-classes/com] for files matching pattern [/Users/liumingyu/code/repo/smart-community/target/test-classes/com/*.class]
10:41:32.030 [main] DEBUG org.springframework.core.io.support.PathMatchingResourcePatternResolver - Looking for matching resources in directory tree [/Users/liumingyu/code/repo/smart-community/target/classes/com]
10:41:32.030 [main] DEBUG org.springframework.core.io.support.PathMatchingResourcePatternResolver - Searching directory [/Users/liumingyu/code/repo/smart-community/target/classes/com] for files matching pattern [/Users/liumingyu/code/repo/smart-community/target/classes/com/*.class]
10:41:32.031 [main] DEBUG org.springframework.core.io.support.PathMatchingResourcePatternResolver - Looking for matching resources in jar file [file:/Users/liumingyu/.m2/com/fasterxml/jackson/core/jackson-databind/2.9.5/jackson-databind-2.9.5.jar]
10:41:32.044 [main] DEBUG org.springframework.core.io.support.PathMatchingResourcePatternResolver - Looking for matching resources in jar file [file:/Users/liumingyu/.m2/com/fasterxml/jackson/core/jackson-annotations/2.9.0/jackson-annotations-2.9.0.jar]
10:41:32.045 [main] DEBUG org.springframework.core.io.support.PathMatchingResourcePatternResolver - Looking for matching resources in jar file [file:/Users/liumingyu/.m2/com/fasterxml/jackson/core/jackson-core/2.9.5/jackson-core-2.9.5.jar]
10:41:32.046 [main] DEBUG org.springframework.core.io.support.PathMatchingResourcePatternResolver - Looking for matching resources in jar file [file:/Users/liumingyu/.m2/com/fasterxml/jackson/datatype/jackson-datatype-jdk8/2.9.5/jackson-datatype-jdk8-2.9.5.jar]
10:41:32.046 [main] DEBUG org.springframework.core.io.support.PathMatchingResourcePatternResolver - Looking for matching resources in jar file [file:/Users/liumingyu/.m2/com/fasterxml/jackson/datatype/jackson-datatype-jsr310/2.9.5/jackson-datatype-jsr310-2.9.5.jar]
10:41:32.047 [main] DEBUG org.springframework.core.io.support.PathMatchingResourcePatternResolver - Looking for matching resources in jar file [file:/Users/liumingyu/.m2/com/fasterxml/jackson/module/jackson-module-parameter-names/2.9.5/jackson-module-parameter-names-2.9.5.jar]
10:41:32.048 [main] DEBUG org.springframework.core.io.support.PathMatchingResourcePatternResolver - Looking for matching resources in jar file [file:/Users/liumingyu/.m2/com/fasterxml/classmate/1.3.4/classmate-1.3.4.jar]
10:41:32.048 [main] DEBUG org.springframework.core.io.support.PathMatchingResourcePatternResolver - Looking for matching resources in jar file [file:/Users/liumingyu/.m2/com/zaxxer/HikariCP/2.7.8/HikariCP-2.7.8.jar]
10:41:32.049 [main] DEBUG org.springframework.core.io.support.PathMatchingResourcePatternResolver - Looking for matching resources in jar file [file:/Users/liumingyu/.m2/mysql/mysql-connector-java/5.1.46/mysql-connector-java-5.1.46.jar]
10:41:32.051 [main] DEBUG org.springframework.core.io.support.PathMatchingResourcePatternResolver - Looking for matching resources in jar file [file:/Users/liumingyu/.m2/org/projectlombok/lombok/1.16.20/lombok-1.16.20.jar]
10:41:32.053 [main] DEBUG org.springframework.core.io.support.PathMatchingResourcePatternResolver - Looking for matching resources in jar file [file:/Users/liumingyu/.m2/com/jayway/jsonpath/json-path/2.4.0/json-path-2.4.0.jar]
10:41:32.054 [main] DEBUG org.springframework.core.io.support.PathMatchingResourcePatternResolver - Resolved location pattern [classpath*:com/*.class] to resources []
]]></system-out>
  </testcase>
</testsuite>